<?xml version="1.0" encoding="UTF-8"?>
<testng-results ignored="0" total="1" passed="1" failed="0" skipped="0">
  <reporter-output>
  </reporter-output>
  <suite started-at="2023-02-22T00:25:03 IST" name="Default suite" finished-at="2023-02-22T00:25:09 IST" duration-ms="6506">
    <groups>
    </groups>
    <test started-at="2023-02-22T00:25:03 IST" name="Default test" finished-at="2023-02-22T00:25:09 IST" duration-ms="6506">
      <class name="com.ecommerce.testcases.ElectronicMenuTest">
        <test-method is-config="true" signature="setup()[pri:0, instance:com.ecommerce.testcases.ElectronicMenuTest@9f116cc]" started-at="2023-02-22T00:25:03 IST" name="setup" finished-at="2023-02-22T00:25:08 IST" duration-ms="5457" status="PASS">
          <reporter-output>
          </reporter-output>
        </test-method> <!-- setup -->
        <test-method signature="MenuTest()[pri:0, instance:com.ecommerce.testcases.ElectronicMenuTest@9f116cc]" started-at="2023-02-22T00:25:08 IST" name="MenuTest" finished-at="2023-02-22T00:25:09 IST" duration-ms="882" status="PASS">
          <reporter-output>
          </reporter-output>
        </test-method> <!-- MenuTest -->
        <test-method is-config="true" signature="teardown()[pri:0, instance:com.ecommerce.testcases.ElectronicMenuTest@9f116cc]" started-at="2023-02-22T00:25:09 IST" name="teardown" finished-at="2023-02-22T00:25:09 IST" duration-ms="138" status="PASS">
          <reporter-output>
          </reporter-output>
        </test-method> <!-- teardown -->
      </class> <!-- com.ecommerce.testcases.ElectronicMenuTest -->
    </test> <!-- Default test -->
  </suite> <!-- Default suite -->
</testng-results>
